
[2026-03-27 12:21:36.334035] **Evolution Proposal:**

Implement an advanced error-handling and validation module that integrates real-time syntax checking and logical consistency analysis for code snippets. This module should utilize machine learning algorithms to predict potential errors and suggest corrections before execution. Additionally, it should incorporate a feedback loop from user interactions to continuously refine its predictive accuracy and adaptability to diverse coding contexts, particularly in gaming and esports scenarios. This enhancement will reduce execution errors and improve the overall reliability and effectiveness of the system in handling complex tasks.
[2026-03-27 12:25:59.054211] **Evolution Proposal:**

Implement an advanced error-handling and validation module within the system to automatically detect and correct syntax errors in code snippets. This module should leverage machine learning algorithms to identify common coding mistakes and suggest corrections in real-time. Additionally, integrate a feedback loop that learns from past errors to improve the accuracy and reliability of the system's code generation and execution capabilities. This enhancement will reduce execution errors and improve the overall efficiency and effectiveness of handling complex tasks like the one described.
[2026-03-27 12:53:05.175072] **Evolution Proposal:**

Implement an "Enhanced Contextual Feedback System" that dynamically adjusts the feedback provided based on the complexity and target audience of the task. This system should include:

1. **Contextual Analysis Module:** Automatically assess the task's complexity and intended audience (e.g., beginner, intermediate, advanced) to tailor feedback appropriately.

2. **Adaptive Feedback Mechanism:** Provide feedback that is more concise and focused on the most relevant aspects for the identified audience. For beginners, emphasize clarity and educational value, while for advanced users, focus on technical precision and optimization.

3. **Integrated Example Repository:** Include relevant examples and use cases in the feedback, drawn from a curated repository, to enhance understanding and applicability for the user.

By implementing this system, the platform can deliver more targeted and effective feedback, improving user experience and learning outcomes.
[2026-03-27 13:16:15.357716] **Evolution Proposal: Enhanced Syntax Error Detection and Correction Module**

To improve the system's ability to handle tasks involving code analysis and execution, implement an enhanced syntax error detection and correction module. This module will automatically identify and suggest corrections for common syntax errors in code snippets, such as invalid syntax or encoding issues. By integrating this module, the system can provide more accurate diagnostics and recommendations, reducing friction in tasks that involve code evaluation and execution. This enhancement will also improve the system's ability to generate and test code snippets effectively, leading to more reliable outcomes in technical assessments.
[2026-03-27 13:33:31.397184] **Evolution Proposal:**

Implement a "Guided Development Framework" within the system that provides step-by-step guidance for coding projects, such as building a poker game in Python. This framework should include:

1. **Variant Selection Module:** Allow users to select the specific variant of poker they wish to implement, providing tailored instructions and rules for each variant.

2. **Interactive Code Editor:** Integrate an interactive code editor that offers real-time feedback and suggestions, highlighting potential errors and offering corrections or improvements.

3. **Comprehensive Learning Path:** Develop a structured learning path that includes key programming concepts, such as error handling, user interaction, and testing strategies, with practical examples and exercises.

4. **Documentation and Version Control Integration:** Encourage best practices by integrating tools for writing docstrings and using version control systems like Git, with tutorials and checkpoints to reinforce these skills.

By incorporating these elements, the system will provide a more robust and educational experience, guiding users through the development process while teaching essential programming skills.
[2026-03-27 13:53:50.847459] **Evolution Proposal:**

Implement an "Interactive Learning Module" within the system that guides users through writing and executing simple Python scripts, such as "hello world". This module should include:

1. **Step-by-Step Guidance**: Provide an interactive, step-by-step tutorial that explains each part of the code and its function.
2. **Environment Setup Instructions**: Offer clear instructions on setting up a Python environment locally or using an online interpreter.
3. **Error Simulation and Handling**: Introduce common syntax errors and demonstrate how to identify and correct them.
4. **Resource Recommendations**: Suggest curated beginner-friendly resources and tutorials for further learning.

This enhancement will provide a more engaging and supportive learning experience, reducing friction and uncertainty for beginner users.
[2026-03-27 14:48:42.577811] **Evolution Proposal:**

Implement an Advanced Analytical Framework that integrates a multi-disciplinary approach to assess conspiracy theories. This framework should include:

1. **Enhanced Data Validation Module:** Incorporate AI-driven tools to cross-reference and validate data against established scientific consensus and historical records, reducing the risk of logical fallacies and overgeneralization.

2. **Bias Detection Algorithms:** Develop algorithms to identify and mitigate confirmation bias by ensuring a balanced selection of data sources, including skeptic and scientific perspectives.

3. **Cultural Contextualization Engine:** Utilize natural language processing (NLP) to analyze cultural and historical texts, providing deeper insights into the socio-cultural factors influencing beliefs in conspiracy theories.

4. **Ethical Compliance Checker:** Integrate an automated system to ensure ethical standards are met, particularly in participant interactions and data handling, safeguarding against potential psychological impacts.

By implementing this framework, the system will be better equipped to handle complex, interdisciplinary tasks related to conspiracy theories, ensuring a more comprehensive and scientifically grounded analysis.
[2026-03-27 15:35:13.166021] **Evolution Proposal: Implement a Centralized API Gateway**

To enhance the scalability and manageability of the microservices architecture, introduce a centralized API Gateway. This component will serve as a single entry point for all client requests, providing several benefits:

1. **Load Balancing**: Distribute incoming traffic efficiently across multiple instances of microservices, ensuring optimal resource utilization and reducing latency.

2. **Security**: Implement security protocols such as authentication, authorization, and rate limiting at the gateway level, reducing the complexity within individual microservices.

3. **Monitoring and Logging**: Centralize logging and monitoring to gain better insights into system performance and quickly identify bottlenecks or failures.

4. **Simplified Client Interaction**: Abstract the complexity of multiple microservices from clients, offering a unified interface and reducing the need for clients to manage multiple endpoints.

By integrating an API Gateway, the system will be better equipped to handle increased loads and complexity, improving overall performance and scalability.
[2026-03-27 15:50:27.698851] **Evolution Proposal:**

Implement a Contextual Sentiment Analysis Module to enhance the system's ability to discern nuanced language and context in politically charged or sensitive queries. This module will leverage advanced natural language processing techniques to better understand the intent and sentiment behind questions, ensuring more accurate and context-aware responses.
[2026-03-27 18:24:29.903873] **Evolution Proposal:**

To enhance the system's ability to handle tasks involving the analysis of developments in artificial intelligence, I propose the integration of a specialized AI-driven content analysis module. This module would be designed to automatically extract and synthesize key insights from relevant articles and reports, such as those from 'The Verge', focusing on AI advancements. It would utilize natural language processing (NLP) techniques to identify and prioritize high-relevance signals, trends, and implications across various industries, including technology and music. By doing so, the system would improve its efficiency in generating comprehensive and insightful analyses, thereby reducing friction and enhancing decision-making processes.
[2026-03-27 18:54:42.969429] **Evolution Proposal: Enhanced Contextual Understanding Module**

To improve the system's ability to handle tasks like analyzing developments in AI and their implications, I propose the integration of an Enhanced Contextual Understanding Module. This module would leverage advanced natural language processing (NLP) techniques to better interpret and contextualize information from diverse sources. Here𠏋 how it would work:

1. **Contextual Analysis**: Implement deep learning models that can understand the nuances and context of the information provided, allowing for more accurate and comprehensive analysis of developments in AI and other fields.

2. **Source Verification**: Integrate a mechanism to cross-reference information with multiple credible sources, ensuring the reliability and accuracy of the data being analyzed.

3. **Dynamic Learning**: Enable the system to continuously learn from new data and user feedback, improving its ability to detect high-relevance signals and assess their implications over time.

4. **Enhanced Summarization**: Develop advanced summarization capabilities to distill complex information into concise, actionable insights, tailored to the specific needs of the task at hand.

By implementing this module, the system will be better equipped to handle complex analytical tasks, providing more accurate and insightful recommendations and analyses.
[2026-03-27 19:29:21.228200] **Evolution Proposal: Enhanced Contextual Understanding Module**

To improve the system's ability to handle tasks like analyzing developments in AI and their implications, I propose the integration of an Enhanced Contextual Understanding Module. This module would leverage advanced natural language processing (NLP) techniques to better comprehend and interpret the nuances of complex topics, such as the impact of generative AI on various industries.

**Key Features:**

1. **Contextual Analysis:** The module would utilize deep learning models to analyze the context of the information provided, allowing for a more nuanced understanding of the implications and potential impacts of AI developments.

2. **Industry-Specific Insights:** By incorporating domain-specific knowledge bases, the system can provide more targeted insights and recommendations relevant to specific industries, such as technology and music.

3. **Dynamic Risk Assessment:** Enhance the current risk assessment capabilities by integrating real-time data analysis to dynamically evaluate potential risks and opportunities associated with AI developments.

4. **Adaptive Learning:** Implement a feedback loop where the system learns from past analyses and user interactions to continuously improve its understanding and recommendations.

By implementing this module, the system will be better equipped to provide comprehensive and insightful analyses of complex developments, ensuring more accurate and actionable recommendations for stakeholders.
[2026-03-27 19:55:51.098627] **Evolution Proposal: Enhanced Contextual Analysis Module**

To improve the system's ability to handle tasks like analyzing developments in AI and their implications, I propose the integration of an Enhanced Contextual Analysis Module. This module would leverage advanced natural language processing (NLP) techniques to provide deeper insights and more nuanced understanding of complex topics. Here𠏋 how it would work:

1. **Contextual Understanding**: Implement a sophisticated NLP model that can parse and understand the context of the information provided, distinguishing between different industries and their specific AI applications.

2. **Trend Analysis**: Incorporate machine learning algorithms that can identify and analyze trends over time, providing a historical perspective on AI developments and predicting future impacts.

3. **Cross-Industry Insights**: Develop a feature that cross-references AI developments across various industries, such as technology and music, to identify potential synergies and conflicts.

4. **Risk and Impact Assessment**: Enhance the system's ability to assess risks and impacts by integrating a dynamic risk assessment tool that updates in real-time as new data becomes available.

5. **Actionable Recommendations**: Generate more precise and actionable recommendations by synthesizing data from multiple sources, ensuring that the advice is relevant and timely.

By implementing this module, the system will be better equipped to handle complex tasks involving AI developments, providing more accurate analyses and recommendations.
[2026-03-27 20:07:04.591649] **Evolution Proposal: Enhanced Contextual Understanding Module**

To improve the system's ability to handle tasks involving the analysis of high-relevance signals, such as developments in artificial intelligence, I propose the integration of an Enhanced Contextual Understanding Module. This module would leverage advanced natural language processing (NLP) techniques to better interpret and contextualize the nuances of complex topics.

**Key Features:**

1. **Advanced NLP Algorithms:** Implement state-of-the-art NLP models that can parse and understand intricate details within the text, allowing for a more comprehensive analysis of the implications and key facts.

2. **Contextual Relevance Scoring:** Develop a scoring mechanism that evaluates the relevance of detected signals in relation to the broader context, ensuring that the analysis remains focused on the most impactful aspects.

3. **Dynamic Knowledge Graphs:** Utilize dynamic knowledge graphs to map relationships between entities and concepts mentioned in the text, providing a clearer understanding of the interconnectedness of various developments.

4. **Real-time Data Integration:** Incorporate real-time data feeds to continuously update the system's knowledge base, ensuring that analyses are based on the most current information available.

By implementing this module, the system will be better equipped to deliver accurate and insightful analyses of high-relevance signals, ultimately enhancing decision-making processes and strategic planning.
[2026-03-27 20:33:39.783369] **Evolution Proposal:**

To enhance the system's ability to handle tasks involving the analysis of high-relevance signals in the field of Artificial Intelligence, I propose the integration of a specialized AI-driven module for real-time semantic analysis and trend detection. This module would leverage natural language processing (NLP) and machine learning algorithms to automatically categorize and prioritize new research developments based on their potential impact and relevance. By continuously learning from the latest submissions and updates in AI research, the system can provide more accurate and timely insights, thereby improving decision-making processes and strategic planning. This enhancement will ensure that the system remains at the forefront of AI advancements and can efficiently manage and analyze large volumes of data with minimal human intervention.
[2026-03-27 20:33:57.584969] **Evolution Proposal: Enhanced Contextual Understanding Module**

To improve the system's ability to handle tasks involving the analysis of high-relevance signals, such as developments in artificial intelligence, I propose the integration of an Enhanced Contextual Understanding Module. This module would leverage advanced natural language processing (NLP) techniques to better interpret and contextualize the nuances of complex topics.

**Key Features:**

1. **Advanced NLP Algorithms:** Implement state-of-the-art NLP models that can parse and understand intricate details within the text, allowing for a more comprehensive analysis of the implications and key facts.

2. **Contextual Relevance Scoring:** Develop a scoring mechanism that evaluates the relevance of detected signals in relation to the broader context of the industry or topic, ensuring that the analysis is both accurate and pertinent.

3. **Dynamic Knowledge Base Integration:** Incorporate a dynamic knowledge base that continuously updates with the latest information and trends in artificial intelligence and related fields, providing the system with up-to-date context for analysis.

4. **Feedback Loop for Continuous Improvement:** Establish a feedback loop where the system learns from past analyses and user feedback to refine its understanding and improve future performance.

By implementing this module, the system will be better equipped to handle complex tasks, providing more accurate and insightful analyses of high-relevance signals in rapidly evolving fields like artificial intelligence.
[2026-03-27 20:40:41.003460] **Evolution Proposal:**

To enhance the system's ability to handle real-time knowledge updates effectively, implement a hybrid approach that combines Retrieval-Augmented Generation (RAG) with selective fine-tuning. Utilize RAG for its strength in accessing and integrating up-to-date information from external sources, ensuring the AI assistant remains current. Complement this with periodic fine-tuning on a curated dataset of frequently updated knowledge areas. This approach balances the architectural trade-offs by leveraging RAG's real-time capabilities while maintaining the depth and accuracy of fine-tuned models for stable knowledge domains.
[2026-03-27 20:55:46.508091] **Evolution Proposal: Implement a Hybrid Approach Combining RAG and Fine-Tuning**

To enhance the system's ability to handle tasks involving architectural trade-offs between Retrieval-Augmented Generation (RAG) and fine-tuning, consider implementing a hybrid approach that leverages the strengths of both methods. This approach would involve:

1. **Dynamic Knowledge Base Integration**: Utilize RAG to access and integrate real-time knowledge updates from external databases and APIs. This ensures that the AI assistant remains up-to-date with the latest information without requiring frequent retraining.

2. **Periodic Fine-Tuning**: Schedule regular fine-tuning sessions using curated datasets that reflect the most common and critical queries encountered by the AI assistant. This will improve the model's baseline performance and adaptability to nuanced user interactions.

3. **Adaptive Learning Mechanism**: Develop an adaptive learning mechanism that monitors user interactions and feedback to identify areas where the AI assistant's performance can be improved. This mechanism can trigger targeted fine-tuning or adjustments to the RAG component as needed.

By combining the real-time adaptability of RAG with the precision and depth of fine-tuning, the system can better balance the architectural trade-offs and deliver a more robust and responsive AI assistant.
[2026-03-27 21:04:28.867704] **Evolution Proposal:**

To enhance the system's ability to handle real-time knowledge updates effectively, implement a hybrid approach that combines Retrieval-Augmented Generation (RAG) with selective fine-tuning. This approach leverages the strengths of both methods: RAG's ability to access and integrate up-to-date information from external sources and fine-tuning's capacity to refine the model's understanding of domain-specific nuances.

**Technical Improvement:**

1. **Dynamic Knowledge Base Integration:** Develop a dynamic knowledge base that continuously ingests and indexes new information from trusted sources. This will ensure that the RAG component can retrieve the most current data during query processing.

2. **Selective Fine-Tuning:** Implement a mechanism for periodic fine-tuning of the model on curated datasets that reflect recent changes in the domain. This ensures that the model's foundational understanding remains aligned with evolving knowledge without the need for constant full-scale retraining.

By adopting this hybrid strategy, the system can maintain high accuracy and relevance in its responses while minimizing the latency and resource demands associated with frequent full model updates.
[2026-03-27 21:12:15.988992] **Evolution Proposal:**

To enhance the system's ability to handle real-time knowledge updates effectively, implement a hybrid approach that combines Retrieval-Augmented Generation (RAG) with selective fine-tuning. This approach leverages the strengths of both methods: RAG's ability to access and integrate the latest information dynamically, and fine-tuning's capacity to refine model performance on specific tasks or domains.

**Technical Improvement:**
Introduce a modular architecture where the core AI assistant utilizes RAG for real-time data retrieval and integration, ensuring up-to-date responses. Simultaneously, maintain a fine-tuning pipeline that periodically updates the model with curated datasets reflecting recent changes or domain-specific knowledge. This pipeline should be triggered based on predefined criteria, such as significant shifts in user queries or updates in the knowledge domain, ensuring the model remains relevant and accurate without constant manual intervention.

This hybrid strategy balances the need for real-time updates with the stability and precision of a fine-tuned model, optimizing the AI assistant's performance in dynamic environments.
[2026-03-27 21:18:49.888400] **Evolution Proposal:**

To enhance the system's ability to handle real-time knowledge updates effectively, implement a hybrid approach that combines Retrieval-Augmented Generation (RAG) with selective fine-tuning. This approach leverages the strengths of both methods: RAG's ability to access and integrate up-to-date information from external sources and fine-tuning's capacity to refine the model's understanding and performance on specific tasks.

**Key Steps:**

1. **Dynamic Knowledge Base Integration:** Continuously update the RAG component's knowledge base with the latest information from trusted sources. This ensures the AI assistant can access and utilize the most current data available.

2. **Selective Fine-Tuning:** Periodically fine-tune the model on specific domains or tasks where precision and context understanding are critical. This can be done using a smaller, curated dataset to maintain model efficiency and relevance.

3. **Adaptive Learning Mechanism:** Implement an adaptive learning mechanism that monitors the performance of the AI assistant and triggers fine-tuning processes when significant performance drops are detected in specific areas.

By adopting this hybrid strategy, the system can maintain high accuracy and relevance in real-time applications while minimizing the need for frequent, resource-intensive full model retraining.
[2026-03-27 21:26:08.355268] **Evolution Proposal:**

To enhance the system's ability to handle real-time knowledge updates effectively, implement a hybrid approach that combines Retrieval-Augmented Generation (RAG) with selective fine-tuning. This approach leverages the strengths of both methods: RAG's ability to access and integrate up-to-date information from external sources and fine-tuning's capability to refine the model's understanding and response quality based on specific domain knowledge.

**Key Steps:**

1. **Dynamic Knowledge Base Integration:** Utilize RAG to continuously pull the latest information from trusted, real-time data sources. This ensures the AI assistant remains current without the need for frequent full model retraining.

2. **Selective Fine-Tuning:** Periodically fine-tune the model on critical updates or domain-specific knowledge that requires deeper integration into the model's core understanding. This can be done on a smaller scale, focusing only on areas where RAG's retrieval might not suffice.

3. **Adaptive Learning Mechanism:** Implement an adaptive learning mechanism that monitors the performance of RAG and fine-tuning. This system should automatically suggest when fine-tuning is necessary based on the frequency and importance of the updates retrieved by RAG.

By adopting this hybrid strategy, the AI assistant can maintain high accuracy and relevance in its responses while minimizing the latency and resource demands associated with frequent full-scale model retraining.
[2026-03-27 23:02:33.672233] **Evolution Proposal:**

To enhance the system's ability to handle real-time knowledge updates effectively, consider implementing a hybrid approach that combines Retrieval-Augmented Generation (RAG) with selective fine-tuning. This approach leverages the strengths of both methods: RAG's ability to access and integrate up-to-date information from external sources and fine-tuning's capacity to refine model performance on specific tasks.

**Technical Improvement:**

Introduce a dynamic knowledge base integration layer within the RAG framework that periodically updates with the latest information. This layer should be designed to prioritize high-relevance data sources and incorporate a feedback loop for continuous improvement. Additionally, implement a lightweight fine-tuning mechanism that can be triggered for critical updates or domain-specific enhancements, ensuring the AI assistant remains accurate and contextually aware without extensive retraining.

This hybrid strategy will optimize the balance between real-time adaptability and model precision, enhancing the AI assistant's performance in dynamic environments.